mifosng-android/build/outputs/logs/manifest-merger-debug-report.txt
-- Merging decision tree log ---
manifest
ADDED from src/main/AndroidManifest.xml:6:1-127:12
	package
		ADDED from src/main/AndroidManifest.xml:7:5-36
	android:versionName
		ADDED from src/main/AndroidManifest.xml:9:5-32
		INJECTED from src/main/AndroidManifest.xml
		INJECTED from src/main/AndroidManifest.xml
	android:versionCode
		ADDED from src/main/AndroidManifest.xml:8:5-28
		INJECTED from src/main/AndroidManifest.xml
		INJECTED from src/main/AndroidManifest.xml
	xmlns:android
		ADDED from src/main/AndroidManifest.xml:6:11-69
uses-permission#android.permission.INTERNET
ADDED from src/main/AndroidManifest.xml:11:5-67
MERGED from [com.google.android.gms:play-services-maps:8.3.0] AndroidManifest.xml:21:5-66
	android:name
		ADDED from src/main/AndroidManifest.xml:11:22-64
uses-permission#android.permission.ACCESS_NETWORK_STATE
ADDED from src/main/AndroidManifest.xml:12:5-79
MERGED from [com.google.android.gms:play-services-maps:8.3.0] AndroidManifest.xml:20:5-78
	android:name
		ADDED from src/main/AndroidManifest.xml:12:22-76
uses-permission#android.permission.ACCESS_FINE_LOCATION
ADDED from src/main/AndroidManifest.xml:13:5-79
	android:name
		ADDED from src/main/AndroidManifest.xml:13:22-76
uses-permission#android.permission.ACCESS_COARSE_LOCATION
ADDED from src/main/AndroidManifest.xml:14:5-81
	android:name
		ADDED from src/main/AndroidManifest.xml:14:22-78
uses-permission#android.permission.WRITE_EXTERNAL_STORAGE
ADDED from src/main/AndroidManifest.xml:15:5-81
	android:name
		ADDED from src/main/AndroidManifest.xml:15:22-78
application
ADDED from src/main/AndroidManifest.xml:17:5-125:19
MERGED from [com.github.Raizlabs.DBFlow:dbflow:3.1.1] AndroidManifest.xml:11:5-20
MERGED from [com.android.support:cardview-v7:23.1.1] AndroidManifest.xml:22:5-20
MERGED from [com.android.support:design:23.1.1] AndroidManifest.xml:22:5-20
MERGED from [com.android.support:appcompat-v7:23.1.1] AndroidManifest.xml:22:5-20
MERGED from [com.android.support:support-v4:23.1.1] AndroidManifest.xml:22:5-20
MERGED from [com.google.android.gms:play-services-location:8.3.0] AndroidManifest.xml:19:5-20
MERGED from [com.google.android.gms:play-services-basement:8.3.0] AndroidManifest.xml:20:5-24:19
MERGED from [com.google.android.gms:play-services-maps:8.3.0] AndroidManifest.xml:27:5-20
MERGED from [com.google.maps.android:android-maps-utils:0.4.2] AndroidManifest.xml:7:5-11:19
MERGED from [com.android.support.test.espresso:espresso-idling-resource:2.2.1] AndroidManifest.xml:24:5-20
MERGED from [com.amulyakhare:com.amulyakhare.textdrawable:1.0.1] AndroidManifest.xml:12:5-20
	android:label
		ADDED from src/main/AndroidManifest.xml:21:9-41
	android:allowBackup
		ADDED from src/main/AndroidManifest.xml:19:9-36
	android:icon
		ADDED from src/main/AndroidManifest.xml:20:9-45
	android:theme
		ADDED from src/main/AndroidManifest.xml:22:9-48
	android:name
		ADDED from src/main/AndroidManifest.xml:18:9-37
activity#com.mifos.mifosxdroid.SplashScreenActivity
ADDED from src/main/AndroidManifest.xml:24:9-33:20
	android:screenOrientation
		ADDED from src/main/AndroidManifest.xml:27:13-49
	android:label
		ADDED from src/main/AndroidManifest.xml:26:13-45
	android:name
		ADDED from src/main/AndroidManifest.xml:25:13-49
intent-filter#android.intent.action.MAIN+android.intent.category.LAUNCHER
ADDED from src/main/AndroidManifest.xml:28:13-32:29
action#android.intent.action.MAIN
ADDED from src/main/AndroidManifest.xml:29:17-69
	android:name
		ADDED from src/main/AndroidManifest.xml:29:25-66
category#android.intent.category.LAUNCHER
ADDED from src/main/AndroidManifest.xml:31:17-77
	android:name
		ADDED from src/main/AndroidManifest.xml:31:27-74
activity#com.mifos.mifosxdroid.login.LoginActivity
ADDED from src/main/AndroidManifest.xml:34:9-37:52
	android:screenOrientation
		ADDED from src/main/AndroidManifest.xml:37:13-49
	android:label
		ADDED from src/main/AndroidManifest.xml:36:13-42
	android:name
		ADDED from src/main/AndroidManifest.xml:35:13-48
activity#com.mifos.mifosxdroid.online.DashboardActivity
ADDED from src/main/AndroidManifest.xml:38:9-42:52
	android:screenOrientation
		ADDED from src/main/AndroidManifest.xml:42:13-49
	android:label
		ADDED from src/main/AndroidManifest.xml:40:13-46
	android:theme
		ADDED from src/main/AndroidManifest.xml:41:13-60
	android:name
		ADDED from src/main/AndroidManifest.xml:39:13-53
activity#com.mifos.mifosxdroid.online.SurveyQuestionActivity
ADDED from src/main/AndroidManifest.xml:43:9-46:52
	android:screenOrientation
		ADDED from src/main/AndroidManifest.xml:46:13-49
	android:label
		ADDED from src/main/AndroidManifest.xml:45:13-35
	android:name
		ADDED from src/main/AndroidManifest.xml:44:13-58
activity#com.mifos.mifosxdroid.online.GroupsActivity
ADDED from src/main/AndroidManifest.xml:48:9-51:52
	android:screenOrientation
		ADDED from src/main/AndroidManifest.xml:51:13-49
	android:configChanges
		ADDED from src/main/AndroidManifest.xml:50:13-59
	android:name
		ADDED from src/main/AndroidManifest.xml:49:13-50
activity#com.mifos.mifosxdroid.online.ClientActivity
ADDED from src/main/AndroidManifest.xml:53:9-56:52
	android:screenOrientation
		ADDED from src/main/AndroidManifest.xml:56:13-49
	android:label
		ADDED from src/main/AndroidManifest.xml:55:13-58
	android:name
		ADDED from src/main/AndroidManifest.xml:54:13-50
activity#com.mifos.mifosxdroid.online.CentersActivity
ADDED from src/main/AndroidManifest.xml:58:9-65:20
	android:label
		ADDED from src/main/AndroidManifest.xml:60:13-59
	android:parentActivityName
		ADDED from src/main/AndroidManifest.xml:61:13-67
	android:name
		ADDED from src/main/AndroidManifest.xml:59:13-51
meta-data#android.support.PARENT_ACTIVITY
ADDED from src/main/AndroidManifest.xml:62:13-64:61
	android:value
		ADDED from src/main/AndroidManifest.xml:64:17-58
	android:name
		ADDED from src/main/AndroidManifest.xml:63:17-63
activity#com.mifos.mifosxdroid.online.GenerateCollectionSheetActivity
ADDED from src/main/AndroidManifest.xml:68:9-75:20
	android:label
		ADDED from src/main/AndroidManifest.xml:70:13-77
	android:parentActivityName
		ADDED from src/main/AndroidManifest.xml:71:13-67
	android:name
		ADDED from src/main/AndroidManifest.xml:69:13-67
activity#com.mifos.mifosxdroid.ClientListActivity
ADDED from src/main/AndroidManifest.xml:76:9-79:52
	android:screenOrientation
		ADDED from src/main/AndroidManifest.xml:79:13-49
	android:label
		ADDED from src/main/AndroidManifest.xml:78:13-44
	android:name
		ADDED from src/main/AndroidManifest.xml:77:13-47
activity#com.mifos.mifosxdroid.GroupListActivity
ADDED from src/main/AndroidManifest.xml:80:9-83:52
	android:screenOrientation
		ADDED from src/main/AndroidManifest.xml:83:13-49
	android:label
		ADDED from src/main/AndroidManifest.xml:82:13-43
	android:name
		ADDED from src/main/AndroidManifest.xml:81:13-46
activity#com.mifos.mifosxdroid.activity.pinpointclient.PinpointClientActivity
ADDED from src/main/AndroidManifest.xml:84:9-87:52
	android:screenOrientation
		ADDED from src/main/AndroidManifest.xml:87:13-49
	android:label
		ADDED from src/main/AndroidManifest.xml:86:13-45
	android:name
		ADDED from src/main/AndroidManifest.xml:85:13-75
activity#com.mifos.mifosxdroid.activity.PathTrackingActivity
ADDED from src/main/AndroidManifest.xml:89:9-92:52
	android:screenOrientation
		ADDED from src/main/AndroidManifest.xml:92:13-49
	android:label
		ADDED from src/main/AndroidManifest.xml:91:13-47
	android:name
		ADDED from src/main/AndroidManifest.xml:90:13-58
activity#com.mifos.mifosxdroid.offline.syncclientpayloads.SyncClientPayloadActivity
ADDED from src/main/AndroidManifest.xml:94:9-96:58
	android:screenOrientation
		ADDED from src/main/AndroidManifest.xml:96:19-55
	android:label
		ADDED from src/main/AndroidManifest.xml:95:19-55
	android:name
		ADDED from src/main/AndroidManifest.xml:94:19-87
activity#com.mifos.mifosxdroid.offline.syncgrouppayloads.SyncGroupPayloadsActivity
ADDED from src/main/AndroidManifest.xml:98:9-100:58
	android:screenOrientation
		ADDED from src/main/AndroidManifest.xml:100:19-55
	android:label
		ADDED from src/main/AndroidManifest.xml:99:19-54
	android:name
		ADDED from src/main/AndroidManifest.xml:98:19-86
activity#com.mifos.mifosxdroid.offline.syncloanrepaymenttransacition.SyncLoanRepaymentTransactionActivity
ADDED from src/main/AndroidManifest.xml:102:9-104:58
	android:screenOrientation
		ADDED from src/main/AndroidManifest.xml:104:19-55
	android:label
		ADDED from src/main/AndroidManifest.xml:103:19-62
	android:name
		ADDED from src/main/AndroidManifest.xml:102:19-109
activity#com.mifos.mifosxdroid.offline.syncsavingsaccounttransaction.SyncSavingsAccountTransactionActivity
ADDED from src/main/AndroidManifest.xml:106:9-109:51
	android:screenOrientation
		ADDED from src/main/AndroidManifest.xml:109:13-49
	android:label
		ADDED from src/main/AndroidManifest.xml:108:13-68
	android:name
		ADDED from src/main/AndroidManifest.xml:107:13-104
service#com.mifos.mifosxdroid.LocationService
ADDED from src/main/AndroidManifest.xml:112:9-52
	android:name
		ADDED from src/main/AndroidManifest.xml:112:18-49
meta-data#com.google.android.gms.version
ADDED from src/main/AndroidManifest.xml:114:9-116:69
MERGED from [com.google.android.gms:play-services-basement:8.3.0] AndroidManifest.xml:21:9-23:69
MERGED from [com.google.maps.android:android-maps-utils:0.4.2] AndroidManifest.xml:8:9-10:69
	android:value
		ADDED from src/main/AndroidManifest.xml:116:13-66
	android:name
		ADDED from src/main/AndroidManifest.xml:115:13-58
meta-data#com.crashlytics.ApiKey
ADDED from src/main/AndroidManifest.xml:118:9-120:72
	android:value
		ADDED from src/main/AndroidManifest.xml:120:13-69
	android:name
		ADDED from src/main/AndroidManifest.xml:119:13-50
meta-data#com.google.android.geo.API_KEY
ADDED from src/main/AndroidManifest.xml:122:9-124:71
	android:value
		ADDED from src/main/AndroidManifest.xml:124:13-68
	android:name
		ADDED from src/main/AndroidManifest.xml:123:13-58
uses-sdk
INJECTED from src/main/AndroidManifest.xml reason: use-sdk injection requested
MERGED from [com.github.Raizlabs.DBFlow:dbflow:3.1.1] AndroidManifest.xml:7:5-9:41
MERGED from [com.android.support:cardview-v7:23.1.1] AndroidManifest.xml:20:5-43
MERGED from [com.android.support:design:23.1.1] AndroidManifest.xml:20:5-43
MERGED from [com.android.support:appcompat-v7:23.1.1] AndroidManifest.xml:20:5-43
MERGED from [com.android.support:support-v4:23.1.1] AndroidManifest.xml:20:5-43
MERGED from [com.android.support:recyclerview-v7:23.1.1] AndroidManifest.xml:20:5-43
MERGED from [com.google.android.gms:play-services-location:8.3.0] AndroidManifest.xml:18:5-42
MERGED from [com.google.android.gms:play-services-base:8.3.0] AndroidManifest.xml:18:5-42
MERGED from [com.google.android.gms:play-services-basement:8.3.0] AndroidManifest.xml:18:5-42
MERGED from [com.google.android.gms:play-services-maps:8.3.0] AndroidManifest.xml:26:5-42
MERGED from [com.google.maps.android:android-maps-utils:0.4.2] AndroidManifest.xml:5:5-43
MERGED from [com.android.support.test.espresso:espresso-idling-resource:2.2.1] AndroidManifest.xml:20:5-22:41
MERGED from [com.jakewharton:butterknife:8.0.1] AndroidManifest.xml:5:5-43
MERGED from [io.reactivex:rxandroid:1.1.0] AndroidManifest.xml:19:5-43
MERGED from [com.joanzapata.iconify:android-iconify-material:2.1.1] AndroidManifest.xml:6:5-43
MERGED from [com.joanzapata.iconify:android-iconify:2.1.1] AndroidManifest.xml:6:5-43
MERGED from [com.amulyakhare:com.amulyakhare.textdrawable:1.0.1] AndroidManifest.xml:8:5-10:41
	android:targetSdkVersion
		INJECTED from src/main/AndroidManifest.xml
		INJECTED from src/main/AndroidManifest.xml
	android:minSdkVersion
		INJECTED from src/main/AndroidManifest.xml
		INJECTED from src/main/AndroidManifest.xml
uses-feature#0x00020000
ADDED from [com.google.android.gms:play-services-maps:8.3.0] AndroidManifest.xml:22:5-24:33
	android:glEsVersion
		ADDED from [com.google.android.gms:play-services-maps:8.3.0] AndroidManifest.xml:23:8-40
	android:required
		ADDED from [com.google.android.gms:play-services-maps:8.3.0] AndroidManifest.xml:24:8-31